Determining if the pthread_create exist failed with the following output:
Change Dir: /home/hdh7485/wanderbot_ws/build/CMakeFiles/CMakeTmp

Run Build Command:"/usr/bin/make" "cmTC_9dd3d/fast"
/usr/bin/make -f CMakeFiles/cmTC_9dd3d.dir/build.make CMakeFiles/cmTC_9dd3d.dir/build
make[1]: Entering directory '/home/hdh7485/wanderbot_ws/build/CMakeFiles/CMakeTmp'
Building C object CMakeFiles/cmTC_9dd3d.dir/CheckSymbolExists.c.o
/usr/bin/cc     -o CMakeFiles/cmTC_9dd3d.dir/CheckSymbolExists.c.o   -c /home/hdh7485/wanderbot_ws/build/CMakeFiles/CMakeTmp/CheckSymbolExists.c
Linking C executable cmTC_9dd3d
/usr/bin/cmake -E cmake_link_script CMakeFiles/cmTC_9dd3d.dir/link.txt --verbose=1
/usr/bin/cc       CMakeFiles/cmTC_9dd3d.dir/CheckSymbolExists.c.o  -o cmTC_9dd3d -rdynamic 
CMakeFiles/cmTC_9dd3d.dir/CheckSymbolExists.c.o: In function `main':
CheckSymbolExists.c:(.text+0x16): undefined reference to `pthread_create'
collect2: error: ld returned 1 exit status
CMakeFiles/cmTC_9dd3d.dir/build.make:97: recipe for target 'cmTC_9dd3d' failed
make[1]: *** [cmTC_9dd3d] Error 1
make[1]: Leaving directory '/home/hdh7485/wanderbot_ws/build/CMakeFiles/CMakeTmp'
Makefile:126: recipe for target 'cmTC_9dd3d/fast' failed
make: *** [cmTC_9dd3d/fast] Error 2

File /home/hdh7485/wanderbot_ws/build/CMakeFiles/CMakeTmp/CheckSymbolExists.c:
/* */
#include <pthread.h>

int main(int argc, char** argv)
{
  (void)argv;
#ifndef pthread_create
  return ((int*)(&pthread_create))[argc];
#else
  (void)argc;
  return 0;
#endif
}

Determining if the function pthread_create exists in the pthreads failed with the following output:
Change Dir: /home/hdh7485/wanderbot_ws/build/CMakeFiles/CMakeTmp

Run Build Command:"/usr/bin/make" "cmTC_475f1/fast"
/usr/bin/make -f CMakeFiles/cmTC_475f1.dir/build.make CMakeFiles/cmTC_475f1.dir/build
make[1]: Entering directory '/home/hdh7485/wanderbot_ws/build/CMakeFiles/CMakeTmp'
Building C object CMakeFiles/cmTC_475f1.dir/CheckFunctionExists.c.o
/usr/bin/cc    -DCHECK_FUNCTION_EXISTS=pthread_create   -o CMakeFiles/cmTC_475f1.dir/CheckFunctionExists.c.o   -c /usr/share/cmake-3.5/Modules/CheckFunctionExists.c
Linking C executable cmTC_475f1
/usr/bin/cmake -E cmake_link_script CMakeFiles/cmTC_475f1.dir/link.txt --verbose=1
/usr/bin/cc   -DCHECK_FUNCTION_EXISTS=pthread_create    CMakeFiles/cmTC_475f1.dir/CheckFunctionExists.c.o  -o cmTC_475f1 -rdynamic -lpthreads 
/usr/bin/ld: cannot find -lpthreads
collect2: error: ld returned 1 exit status
CMakeFiles/cmTC_475f1.dir/build.make:97: recipe for target 'cmTC_475f1' failed
make[1]: *** [cmTC_475f1] Error 1
make[1]: Leaving directory '/home/hdh7485/wanderbot_ws/build/CMakeFiles/CMakeTmp'
Makefile:126: recipe for target 'cmTC_475f1/fast' failed
make: *** [cmTC_475f1/fast] Error 2


Determining if the pthread_create exist failed with the following output:
Change Dir: /home/dongheehan/ROS-and-Gazobe/build/CMakeFiles/CMakeTmp

Run Build Command:"/usr/bin/make" "cmTC_b0067/fast"
/usr/bin/make -f CMakeFiles/cmTC_b0067.dir/build.make CMakeFiles/cmTC_b0067.dir/build
make[1]: Entering directory '/home/dongheehan/ROS-and-Gazobe/build/CMakeFiles/CMakeTmp'
Building C object CMakeFiles/cmTC_b0067.dir/CheckSymbolExists.c.o
/usr/bin/cc     -o CMakeFiles/cmTC_b0067.dir/CheckSymbolExists.c.o   -c /home/dongheehan/ROS-and-Gazobe/build/CMakeFiles/CMakeTmp/CheckSymbolExists.c
Linking C executable cmTC_b0067
/usr/bin/cmake -E cmake_link_script CMakeFiles/cmTC_b0067.dir/link.txt --verbose=1
/usr/bin/cc       CMakeFiles/cmTC_b0067.dir/CheckSymbolExists.c.o  -o cmTC_b0067 -rdynamic 
CMakeFiles/cmTC_b0067.dir/CheckSymbolExists.c.o: In function `main':
CheckSymbolExists.c:(.text+0x16): undefined reference to `pthread_create'
collect2: error: ld returned 1 exit status
CMakeFiles/cmTC_b0067.dir/build.make:97: recipe for target 'cmTC_b0067' failed
make[1]: *** [cmTC_b0067] Error 1
make[1]: Leaving directory '/home/dongheehan/ROS-and-Gazobe/build/CMakeFiles/CMakeTmp'
Makefile:126: recipe for target 'cmTC_b0067/fast' failed
make: *** [cmTC_b0067/fast] Error 2

File /home/dongheehan/ROS-and-Gazobe/build/CMakeFiles/CMakeTmp/CheckSymbolExists.c:
/* */
#include <pthread.h>

int main(int argc, char** argv)
{
  (void)argv;
#ifndef pthread_create
  return ((int*)(&pthread_create))[argc];
#else
  (void)argc;
  return 0;
#endif
}

Determining if the function pthread_create exists in the pthreads failed with the following output:
Change Dir: /home/dongheehan/ROS-and-Gazobe/build/CMakeFiles/CMakeTmp

Run Build Command:"/usr/bin/make" "cmTC_cbb53/fast"
/usr/bin/make -f CMakeFiles/cmTC_cbb53.dir/build.make CMakeFiles/cmTC_cbb53.dir/build
make[1]: Entering directory '/home/dongheehan/ROS-and-Gazobe/build/CMakeFiles/CMakeTmp'
Building C object CMakeFiles/cmTC_cbb53.dir/CheckFunctionExists.c.o
/usr/bin/cc    -DCHECK_FUNCTION_EXISTS=pthread_create   -o CMakeFiles/cmTC_cbb53.dir/CheckFunctionExists.c.o   -c /usr/share/cmake-3.5/Modules/CheckFunctionExists.c
Linking C executable cmTC_cbb53
/usr/bin/cmake -E cmake_link_script CMakeFiles/cmTC_cbb53.dir/link.txt --verbose=1
/usr/bin/cc   -DCHECK_FUNCTION_EXISTS=pthread_create    CMakeFiles/cmTC_cbb53.dir/CheckFunctionExists.c.o  -o cmTC_cbb53 -rdynamic -lpthreads 
/usr/bin/ld: cannot find -lpthreads
collect2: error: ld returned 1 exit status
CMakeFiles/cmTC_cbb53.dir/build.make:97: recipe for target 'cmTC_cbb53' failed
make[1]: *** [cmTC_cbb53] Error 1
make[1]: Leaving directory '/home/dongheehan/ROS-and-Gazobe/build/CMakeFiles/CMakeTmp'
Makefile:126: recipe for target 'cmTC_cbb53/fast' failed
make: *** [cmTC_cbb53/fast] Error 2


